<?xml version="1.0" encoding="UTF-8"?>
<testsuite xmlns:xsi="http://www.w3.org/2001/XMLSchema-instance" xsi:noNamespaceSchemaLocation="https://maven.apache.org/surefire/maven-surefire-plugin/xsd/surefire-test-report-3.0.xsd" version="3.0" name="org.example.TestRunner" time="18.916" tests="2" errors="2" skipped="0" failures="0">
  <properties>
    <property name="java.specification.version" value="20"/>
    <property name="webdriver.chrome.driver" value="/Users/dmitrijnajdenov/.cache/selenium/chromedriver/mac64/114.0.5735.90/chromedriver"/>
    <property name="sun.jnu.encoding" value="UTF-8"/>
    <property name="java.class.path" value="/Users/dmitrijnajdenov/Desktop/untitled3/target/test-classes:/Users/dmitrijnajdenov/Desktop/untitled3/target/classes:/Users/dmitrijnajdenov/.m2/repository/ru/ibsqa/chameleon/chameleon-allure-cucumber/3.5.0/chameleon-allure-cucumber-3.5.0.jar:/Users/dmitrijnajdenov/.m2/repository/ru/ibsqa/chameleon/chameleon-allure/3.5.0/chameleon-allure-3.5.0.jar:/Users/dmitrijnajdenov/.m2/repository/ru/ibsqa/chameleon/chameleon-core/3.5.0/chameleon-core-3.5.0.jar:/Users/dmitrijnajdenov/.m2/repository/commons-io/commons-io/2.11.0/commons-io-2.11.0.jar:/Users/dmitrijnajdenov/.m2/repository/jakarta/annotation/jakarta.annotation-api/1.3.5/jakarta.annotation-api-1.3.5.jar:/Users/dmitrijnajdenov/.m2/repository/jakarta/xml/bind/jakarta.xml.bind-api/2.3.3/jakarta.xml.bind-api-2.3.3.jar:/Users/dmitrijnajdenov/.m2/repository/jakarta/activation/jakarta.activation-api/1.2.2/jakarta.activation-api-1.2.2.jar:/Users/dmitrijnajdenov/.m2/repository/com/sun/xml/bind/jaxb-impl/2.3.7/jaxb-impl-2.3.7.jar:/Users/dmitrijnajdenov/.m2/repository/com/sun/activation/jakarta.activation/1.2.2/jakarta.activation-1.2.2.jar:/Users/dmitrijnajdenov/.m2/repository/org/apache/commons/commons-lang3/3.12.0/commons-lang3-3.12.0.jar:/Users/dmitrijnajdenov/.m2/repository/org/apache/commons/commons-text/1.10.0/commons-text-1.10.0.jar:/Users/dmitrijnajdenov/.m2/repository/com/google/guava/guava/31.1-jre/guava-31.1-jre.jar:/Users/dmitrijnajdenov/.m2/repository/com/google/guava/failureaccess/1.0.1/failureaccess-1.0.1.jar:/Users/dmitrijnajdenov/.m2/repository/com/google/guava/listenablefuture/9999.0-empty-to-avoid-conflict-with-guava/listenablefuture-9999.0-empty-to-avoid-conflict-with-guava.jar:/Users/dmitrijnajdenov/.m2/repository/com/google/code/findbugs/jsr305/3.0.2/jsr305-3.0.2.jar:/Users/dmitrijnajdenov/.m2/repository/org/checkerframework/checker-qual/3.12.0/checker-qual-3.12.0.jar:/Users/dmitrijnajdenov/.m2/repository/com/google/errorprone/error_prone_annotations/2.11.0/error_prone_annotations-2.11.0.jar:/Users/dmitrijnajdenov/.m2/repository/com/google/j2objc/j2objc-annotations/1.3/j2objc-annotations-1.3.jar:/Users/dmitrijnajdenov/.m2/repository/org/aspectj/aspectjweaver/1.9.9.1/aspectjweaver-1.9.9.1.jar:/Users/dmitrijnajdenov/.m2/repository/org/apache-extras/beanshell/bsh/2.0b6/bsh-2.0b6.jar:/Users/dmitrijnajdenov/.m2/repository/org/hamcrest/hamcrest/2.2/hamcrest-2.2.jar:/Users/dmitrijnajdenov/.m2/repository/org/json/json/20220924/json-20220924.jar:/Users/dmitrijnajdenov/.m2/repository/org/junit/jupiter/junit-jupiter-api/5.9.1/junit-jupiter-api-5.9.1.jar:/Users/dmitrijnajdenov/.m2/repository/org/opentest4j/opentest4j/1.2.0/opentest4j-1.2.0.jar:/Users/dmitrijnajdenov/.m2/repository/org/junit/platform/junit-platform-commons/1.9.1/junit-platform-commons-1.9.1.jar:/Users/dmitrijnajdenov/.m2/repository/org/junit/jupiter/junit-jupiter-engine/5.9.1/junit-jupiter-engine-5.9.1.jar:/Users/dmitrijnajdenov/.m2/repository/org/junit/platform/junit-platform-suite-api/1.9.1/junit-platform-suite-api-1.9.1.jar:/Users/dmitrijnajdenov/.m2/repository/org/junit/platform/junit-platform-suite-engine/1.9.1/junit-platform-suite-engine-1.9.1.jar:/Users/dmitrijnajdenov/.m2/repository/org/junit/platform/junit-platform-suite-commons/1.9.1/junit-platform-suite-commons-1.9.1.jar:/Users/dmitrijnajdenov/.m2/repository/org/junit/platform/junit-platform-launcher/1.9.1/junit-platform-launcher-1.9.1.jar:/Users/dmitrijnajdenov/.m2/repository/org/projectlombok/lombok/1.18.24/lombok-1.18.24.jar:/Users/dmitrijnajdenov/.m2/repository/org/slf4j/slf4j-api/2.0.3/slf4j-api-2.0.3.jar:/Users/dmitrijnajdenov/.m2/repository/org/springframework/spring-beans/5.3.24/spring-beans-5.3.24.jar:/Users/dmitrijnajdenov/.m2/repository/org/springframework/spring-context/5.3.24/spring-context-5.3.24.jar:/Users/dmitrijnajdenov/.m2/repository/org/springframework/spring-aop/5.3.24/spring-aop-5.3.24.jar:/Users/dmitrijnajdenov/.m2/repository/org/springframework/spring-core/5.3.24/spring-core-5.3.24.jar:/Users/dmitrijnajdenov/.m2/repository/org/springframework/spring-jcl/5.3.24/spring-jcl-5.3.24.jar:/Users/dmitrijnajdenov/.m2/repository/org/springframework/spring-expression/5.3.24/spring-expression-5.3.24.jar:/Users/dmitrijnajdenov/.m2/repository/org/springframework/spring-test/5.3.24/spring-test-5.3.24.jar:/Users/dmitrijnajdenov/.m2/repository/io/qameta/allure/allure-java-commons/2.20.1/allure-java-commons-2.20.1.jar:/Users/dmitrijnajdenov/.m2/repository/io/qameta/allure/allure-model/2.20.1/allure-model-2.20.1.jar:/Users/dmitrijnajdenov/.m2/repository/io/qameta/allure/allure-junit5/2.20.1/allure-junit5-2.20.1.jar:/Users/dmitrijnajdenov/.m2/repository/io/qameta/allure/allure-junit-platform/2.20.1/allure-junit-platform-2.20.1.jar:/Users/dmitrijnajdenov/.m2/repository/io/qameta/allure/allure-test-filter/2.20.1/allure-test-filter-2.20.1.jar:/Users/dmitrijnajdenov/.m2/repository/ru/ibsqa/chameleon/chameleon-core-cucumber/3.5.0/chameleon-core-cucumber-3.5.0.jar:/Users/dmitrijnajdenov/.m2/repository/io/cucumber/cucumber-java/7.9.0/cucumber-java-7.9.0.jar:/Users/dmitrijnajdenov/.m2/repository/io/cucumber/cucumber-core/7.9.0/cucumber-core-7.9.0.jar:/Users/dmitrijnajdenov/.m2/repository/io/cucumber/cucumber-gherkin/7.9.0/cucumber-gherkin-7.9.0.jar:/Users/dmitrijnajdenov/.m2/repository/io/cucumber/cucumber-gherkin-messages/7.9.0/cucumber-gherkin-messages-7.9.0.jar:/Users/dmitrijnajdenov/.m2/repository/io/cucumber/tag-expressions/4.1.0/tag-expressions-4.1.0.jar:/Users/dmitrijnajdenov/.m2/repository/io/cucumber/cucumber-expressions/16.0.0/cucumber-expressions-16.0.0.jar:/Users/dmitrijnajdenov/.m2/repository/io/cucumber/datatable/7.9.0/datatable-7.9.0.jar:/Users/dmitrijnajdenov/.m2/repository/io/cucumber/cucumber-plugin/7.9.0/cucumber-plugin-7.9.0.jar:/Users/dmitrijnajdenov/.m2/repository/io/cucumber/docstring/7.9.0/docstring-7.9.0.jar:/Users/dmitrijnajdenov/.m2/repository/io/cucumber/html-formatter/20.1.0/html-formatter-20.1.0.jar:/Users/dmitrijnajdenov/.m2/repository/io/cucumber/ci-environment/9.1.0/ci-environment-9.1.0.jar:/Users/dmitrijnajdenov/.m2/repository/org/apiguardian/apiguardian-api/1.1.2/apiguardian-api-1.1.2.jar:/Users/dmitrijnajdenov/.m2/repository/io/cucumber/cucumber-junit-platform-engine/7.9.0/cucumber-junit-platform-engine-7.9.0.jar:/Users/dmitrijnajdenov/.m2/repository/org/junit/platform/junit-platform-engine/1.9.1/junit-platform-engine-1.9.1.jar:/Users/dmitrijnajdenov/.m2/repository/io/cucumber/cucumber-spring/7.9.0/cucumber-spring-7.9.0.jar:/Users/dmitrijnajdenov/.m2/repository/com/fasterxml/jackson/core/jackson-core/2.14.0/jackson-core-2.14.0.jar:/Users/dmitrijnajdenov/.m2/repository/com/fasterxml/jackson/core/jackson-databind/2.14.0/jackson-databind-2.14.0.jar:/Users/dmitrijnajdenov/.m2/repository/com/fasterxml/jackson/core/jackson-annotations/2.14.0/jackson-annotations-2.14.0.jar:/Users/dmitrijnajdenov/.m2/repository/io/qameta/allure/allure-cucumber7-jvm/2.20.1/allure-cucumber7-jvm-2.20.1.jar:/Users/dmitrijnajdenov/.m2/repository/io/cucumber/gherkin/24.1.0/gherkin-24.1.0.jar:/Users/dmitrijnajdenov/.m2/repository/io/cucumber/messages/19.1.4/messages-19.1.4.jar:/Users/dmitrijnajdenov/.m2/repository/ru/ibsqa/chameleon/chameleon-web-cucumber/3.5.0/chameleon-web-cucumber-3.5.0.jar:/Users/dmitrijnajdenov/.m2/repository/ru/ibsqa/chameleon/chameleon-selenium-cucumber/3.5.0/chameleon-selenium-cucumber-3.5.0.jar:/Users/dmitrijnajdenov/.m2/repository/ru/ibsqa/chameleon/chameleon-selenium/3.5.0/chameleon-selenium-3.5.0.jar:/Users/dmitrijnajdenov/.m2/repository/org/javassist/javassist/3.29.2-GA/javassist-3.29.2-GA.jar:/Users/dmitrijnajdenov/.m2/repository/org/seleniumhq/selenium/selenium-java/4.6.0/selenium-java-4.6.0.jar:/Users/dmitrijnajdenov/.m2/repository/org/seleniumhq/selenium/selenium-api/4.6.0/selenium-api-4.6.0.jar:/Users/dmitrijnajdenov/.m2/repository/org/seleniumhq/selenium/selenium-chrome-driver/4.6.0/selenium-chrome-driver-4.6.0.jar:/Users/dmitrijnajdenov/.m2/repository/org/seleniumhq/selenium/selenium-chromium-driver/4.6.0/selenium-chromium-driver-4.6.0.jar:/Users/dmitrijnajdenov/.m2/repository/org/seleniumhq/selenium/selenium-json/4.6.0/selenium-json-4.6.0.jar:/Users/dmitrijnajdenov/.m2/repository/org/seleniumhq/selenium/selenium-devtools-v105/4.6.0/selenium-devtools-v105-4.6.0.jar:/Users/dmitrijnajdenov/.m2/repository/org/seleniumhq/selenium/selenium-devtools-v106/4.6.0/selenium-devtools-v106-4.6.0.jar:/Users/dmitrijnajdenov/.m2/repository/org/seleniumhq/selenium/selenium-devtools-v107/4.6.0/selenium-devtools-v107-4.6.0.jar:/Users/dmitrijnajdenov/.m2/repository/org/seleniumhq/selenium/selenium-devtools-v85/4.6.0/selenium-devtools-v85-4.6.0.jar:/Users/dmitrijnajdenov/.m2/repository/org/seleniumhq/selenium/selenium-edge-driver/4.6.0/selenium-edge-driver-4.6.0.jar:/Users/dmitrijnajdenov/.m2/repository/org/seleniumhq/selenium/selenium-firefox-driver/4.6.0/selenium-firefox-driver-4.6.0.jar:/Users/dmitrijnajdenov/.m2/repository/org/seleniumhq/selenium/selenium-ie-driver/4.6.0/selenium-ie-driver-4.6.0.jar:/Users/dmitrijnajdenov/.m2/repository/org/seleniumhq/selenium/selenium-remote-driver/4.6.0/selenium-remote-driver-4.6.0.jar:/Users/dmitrijnajdenov/.m2/repository/com/beust/jcommander/1.82/jcommander-1.82.jar:/Users/dmitrijnajdenov/.m2/repository/io/netty/netty-buffer/4.1.85.Final/netty-buffer-4.1.85.Final.jar:/Users/dmitrijnajdenov/.m2/repository/io/netty/netty-codec-http/4.1.85.Final/netty-codec-http-4.1.85.Final.jar:/Users/dmitrijnajdenov/.m2/repository/io/netty/netty-codec/4.1.85.Final/netty-codec-4.1.85.Final.jar:/Users/dmitrijnajdenov/.m2/repository/io/netty/netty-handler/4.1.85.Final/netty-handler-4.1.85.Final.jar:/Users/dmitrijnajdenov/.m2/repository/io/netty/netty-common/4.1.85.Final/netty-common-4.1.85.Final.jar:/Users/dmitrijnajdenov/.m2/repository/io/netty/netty-transport-classes-epoll/4.1.85.Final/netty-transport-classes-epoll-4.1.85.Final.jar:/Users/dmitrijnajdenov/.m2/repository/io/netty/netty-transport-classes-kqueue/4.1.85.Final/netty-transport-classes-kqueue-4.1.85.Final.jar:/Users/dmitrijnajdenov/.m2/repository/io/netty/netty-transport-native-epoll/4.1.85.Final/netty-transport-native-epoll-4.1.85.Final.jar:/Users/dmitrijnajdenov/.m2/repository/io/netty/netty-transport-native-kqueue/4.1.85.Final/netty-transport-native-kqueue-4.1.85.Final.jar:/Users/dmitrijnajdenov/.m2/repository/io/netty/netty-transport-native-unix-common/4.1.85.Final/netty-transport-native-unix-common-4.1.85.Final.jar:/Users/dmitrijnajdenov/.m2/repository/io/netty/netty-transport/4.1.85.Final/netty-transport-4.1.85.Final.jar:/Users/dmitrijnajdenov/.m2/repository/io/netty/netty-resolver/4.1.85.Final/netty-resolver-4.1.85.Final.jar:/Users/dmitrijnajdenov/.m2/repository/io/opentelemetry/opentelemetry-api/1.19.0/opentelemetry-api-1.19.0.jar:/Users/dmitrijnajdenov/.m2/repository/io/opentelemetry/opentelemetry-context/1.19.0/opentelemetry-context-1.19.0.jar:/Users/dmitrijnajdenov/.m2/repository/io/opentelemetry/opentelemetry-exporter-logging/1.19.0/opentelemetry-exporter-logging-1.19.0.jar:/Users/dmitrijnajdenov/.m2/repository/io/opentelemetry/opentelemetry-sdk-metrics/1.19.0/opentelemetry-sdk-metrics-1.19.0.jar:/Users/dmitrijnajdenov/.m2/repository/io/opentelemetry/opentelemetry-sdk-logs/1.19.0-alpha/opentelemetry-sdk-logs-1.19.0-alpha.jar:/Users/dmitrijnajdenov/.m2/repository/io/opentelemetry/opentelemetry-api-logs/1.19.0-alpha/opentelemetry-api-logs-1.19.0-alpha.jar:/Users/dmitrijnajdenov/.m2/repository/io/opentelemetry/opentelemetry-sdk-common/1.19.0/opentelemetry-sdk-common-1.19.0.jar:/Users/dmitrijnajdenov/.m2/repository/io/opentelemetry/opentelemetry-sdk-extension-autoconfigure-spi/1.19.0/opentelemetry-sdk-extension-autoconfigure-spi-1.19.0.jar:/Users/dmitrijnajdenov/.m2/repository/io/opentelemetry/opentelemetry-sdk-extension-autoconfigure/1.19.0-alpha/opentelemetry-sdk-extension-autoconfigure-1.19.0-alpha.jar:/Users/dmitrijnajdenov/.m2/repository/io/opentelemetry/opentelemetry-exporter-common/1.19.0/opentelemetry-exporter-common-1.19.0.jar:/Users/dmitrijnajdenov/.m2/repository/io/opentelemetry/opentelemetry-sdk-trace/1.19.0/opentelemetry-sdk-trace-1.19.0.jar:/Users/dmitrijnajdenov/.m2/repository/io/opentelemetry/opentelemetry-sdk/1.19.0/opentelemetry-sdk-1.19.0.jar:/Users/dmitrijnajdenov/.m2/repository/io/opentelemetry/opentelemetry-semconv/1.19.0-alpha/opentelemetry-semconv-1.19.0-alpha.jar:/Users/dmitrijnajdenov/.m2/repository/io/ous/jtoml/2.0.0/jtoml-2.0.0.jar:/Users/dmitrijnajdenov/.m2/repository/net/bytebuddy/byte-buddy/1.12.18/byte-buddy-1.12.18.jar:/Users/dmitrijnajdenov/.m2/repository/org/apache/commons/commons-exec/1.3/commons-exec-1.3.jar:/Users/dmitrijnajdenov/.m2/repository/org/asynchttpclient/async-http-client/2.12.3/async-http-client-2.12.3.jar:/Users/dmitrijnajdenov/.m2/repository/org/asynchttpclient/async-http-client-netty-utils/2.12.3/async-http-client-netty-utils-2.12.3.jar:/Users/dmitrijnajdenov/.m2/repository/io/netty/netty-codec-socks/4.1.85.Final/netty-codec-socks-4.1.85.Final.jar:/Users/dmitrijnajdenov/.m2/repository/io/netty/netty-handler-proxy/4.1.85.Final/netty-handler-proxy-4.1.85.Final.jar:/Users/dmitrijnajdenov/.m2/repository/io/netty/netty-transport-native-epoll/4.1.85.Final/netty-transport-native-epoll-4.1.85.Final-linux-x86_64.jar:/Users/dmitrijnajdenov/.m2/repository/io/netty/netty-transport-native-kqueue/4.1.85.Final/netty-transport-native-kqueue-4.1.85.Final-osx-x86_64.jar:/Users/dmitrijnajdenov/.m2/repository/org/reactivestreams/reactive-streams/1.0.3/reactive-streams-1.0.3.jar:/Users/dmitrijnajdenov/.m2/repository/com/typesafe/netty/netty-reactive-streams/2.0.4/netty-reactive-streams-2.0.4.jar:/Users/dmitrijnajdenov/.m2/repository/org/seleniumhq/selenium/selenium-manager/4.6.0/selenium-manager-4.6.0.jar:/Users/dmitrijnajdenov/.m2/repository/org/seleniumhq/selenium/selenium-safari-driver/4.6.0/selenium-safari-driver-4.6.0.jar:/Users/dmitrijnajdenov/.m2/repository/org/seleniumhq/selenium/selenium-support/4.6.0/selenium-support-4.6.0.jar:/Users/dmitrijnajdenov/.m2/repository/org/seleniumhq/selenium/selenium-http-jdk-client/4.6.0/selenium-http-jdk-client-4.6.0.jar:/Users/dmitrijnajdenov/.m2/repository/com/google/auto/service/auto-service-annotations/1.0.1/auto-service-annotations-1.0.1.jar:/Users/dmitrijnajdenov/.m2/repository/com/google/auto/service/auto-service/1.0.1/auto-service-1.0.1.jar:/Users/dmitrijnajdenov/.m2/repository/com/google/auto/auto-common/1.2/auto-common-1.2.jar:/Users/dmitrijnajdenov/.m2/repository/org/seleniumhq/selenium/selenium-http/4.6.0/selenium-http-4.6.0.jar:/Users/dmitrijnajdenov/.m2/repository/dev/failsafe/failsafe/3.3.0/failsafe-3.3.0.jar:/Users/dmitrijnajdenov/.m2/repository/io/github/bonigarcia/webdrivermanager/5.3.1/webdrivermanager-5.3.1.jar:/Users/dmitrijnajdenov/.m2/repository/com/google/code/gson/gson/2.10/gson-2.10.jar:/Users/dmitrijnajdenov/.m2/repository/com/github/docker-java/docker-java/3.2.13/docker-java-3.2.13.jar:/Users/dmitrijnajdenov/.m2/repository/com/github/docker-java/docker-java-core/3.2.13/docker-java-core-3.2.13.jar:/Users/dmitrijnajdenov/.m2/repository/com/github/docker-java/docker-java-api/3.2.13/docker-java-api-3.2.13.jar:/Users/dmitrijnajdenov/.m2/repository/org/apache/commons/commons-compress/1.21/commons-compress-1.21.jar:/Users/dmitrijnajdenov/.m2/repository/org/bouncycastle/bcpkix-jdk15on/1.64/bcpkix-jdk15on-1.64.jar:/Users/dmitrijnajdenov/.m2/repository/org/bouncycastle/bcprov-jdk15on/1.64/bcprov-jdk15on-1.64.jar:/Users/dmitrijnajdenov/.m2/repository/org/slf4j/jcl-over-slf4j/1.7.30/jcl-over-slf4j-1.7.30.jar:/Users/dmitrijnajdenov/.m2/repository/com/github/docker-java/docker-java-transport-httpclient5/3.2.13/docker-java-transport-httpclient5-3.2.13.jar:/Users/dmitrijnajdenov/.m2/repository/com/github/docker-java/docker-java-transport/3.2.13/docker-java-transport-3.2.13.jar:/Users/dmitrijnajdenov/.m2/repository/net/java/dev/jna/jna/5.12.1/jna-5.12.1.jar:/Users/dmitrijnajdenov/.m2/repository/org/brotli/dec/0.1.2/dec-0.1.2.jar:/Users/dmitrijnajdenov/.m2/repository/org/apache/httpcomponents/client5/httpclient5/5.1.3/httpclient5-5.1.3.jar:/Users/dmitrijnajdenov/.m2/repository/org/apache/httpcomponents/core5/httpcore5/5.1.3/httpcore5-5.1.3.jar:/Users/dmitrijnajdenov/.m2/repository/org/apache/httpcomponents/core5/httpcore5-h2/5.1.3/httpcore5-h2-5.1.3.jar:/Users/dmitrijnajdenov/.m2/repository/commons-codec/commons-codec/1.15/commons-codec-1.15.jar:/Users/dmitrijnajdenov/.m2/repository/ru/yandex/qatools/ashot/ashot/1.5.4/ashot-1.5.4.jar:/Users/dmitrijnajdenov/.m2/repository/org/hamcrest/hamcrest-core/1.3/hamcrest-core-1.3.jar:/Users/dmitrijnajdenov/.m2/repository/ru/ibsqa/chameleon/chameleon-web/3.5.0/chameleon-web-3.5.0.jar:/Users/dmitrijnajdenov/.m2/repository/ru/ibsqa/chameleon/chameleon-db-cucumber/3.5.0/chameleon-db-cucumber-3.5.0.jar:/Users/dmitrijnajdenov/.m2/repository/ru/ibsqa/chameleon/chameleon-db/3.5.0/chameleon-db-3.5.0.jar:/Users/dmitrijnajdenov/.m2/repository/com/h2database/h2/2.2.220/h2-2.2.220.jar:"/>
    <property name="java.vm.vendor" value="Homebrew"/>
    <property name="sun.arch.data.model" value="64"/>
    <property name="implicitlyWait" value="0"/>
    <property name="java.vendor.url" value="https://github.com/Homebrew/homebrew-core/issues"/>
    <property name="user.timezone" value="Europe/Moscow"/>
    <property name="connectToRunningApp" value="false"/>
    <property name="os.name" value="Mac OS X"/>
    <property name="java.vm.specification.version" value="20"/>
    <property name="sun.java.launcher" value="SUN_STANDARD"/>
    <property name="user.country" value="RU"/>
    <property name="sun.boot.library.path" value="/usr/local/Cellar/openjdk/20.0.2/libexec/openjdk.jdk/Contents/Home/lib"/>
    <property name="sun.java.command" value="/Users/dmitrijnajdenov/Desktop/untitled3/target/surefire/surefirebooter-20230907153541233_3.jar /Users/dmitrijnajdenov/Desktop/untitled3/target/surefire 2023-09-07T15-35-40_594-jvmRun1 surefire-20230907153541233_1tmp surefire_0-20230907153541233_2tmp"/>
    <property name="http.nonProxyHosts" value="local|*.local|169.254/16|*.169.254/16"/>
    <property name="jdk.debug" value="release"/>
    <property name="surefire.test.class.path" value="/Users/dmitrijnajdenov/Desktop/untitled3/target/test-classes:/Users/dmitrijnajdenov/Desktop/untitled3/target/classes:/Users/dmitrijnajdenov/.m2/repository/ru/ibsqa/chameleon/chameleon-allure-cucumber/3.5.0/chameleon-allure-cucumber-3.5.0.jar:/Users/dmitrijnajdenov/.m2/repository/ru/ibsqa/chameleon/chameleon-allure/3.5.0/chameleon-allure-3.5.0.jar:/Users/dmitrijnajdenov/.m2/repository/ru/ibsqa/chameleon/chameleon-core/3.5.0/chameleon-core-3.5.0.jar:/Users/dmitrijnajdenov/.m2/repository/commons-io/commons-io/2.11.0/commons-io-2.11.0.jar:/Users/dmitrijnajdenov/.m2/repository/jakarta/annotation/jakarta.annotation-api/1.3.5/jakarta.annotation-api-1.3.5.jar:/Users/dmitrijnajdenov/.m2/repository/jakarta/xml/bind/jakarta.xml.bind-api/2.3.3/jakarta.xml.bind-api-2.3.3.jar:/Users/dmitrijnajdenov/.m2/repository/jakarta/activation/jakarta.activation-api/1.2.2/jakarta.activation-api-1.2.2.jar:/Users/dmitrijnajdenov/.m2/repository/com/sun/xml/bind/jaxb-impl/2.3.7/jaxb-impl-2.3.7.jar:/Users/dmitrijnajdenov/.m2/repository/com/sun/activation/jakarta.activation/1.2.2/jakarta.activation-1.2.2.jar:/Users/dmitrijnajdenov/.m2/repository/org/apache/commons/commons-lang3/3.12.0/commons-lang3-3.12.0.jar:/Users/dmitrijnajdenov/.m2/repository/org/apache/commons/commons-text/1.10.0/commons-text-1.10.0.jar:/Users/dmitrijnajdenov/.m2/repository/com/google/guava/guava/31.1-jre/guava-31.1-jre.jar:/Users/dmitrijnajdenov/.m2/repository/com/google/guava/failureaccess/1.0.1/failureaccess-1.0.1.jar:/Users/dmitrijnajdenov/.m2/repository/com/google/guava/listenablefuture/9999.0-empty-to-avoid-conflict-with-guava/listenablefuture-9999.0-empty-to-avoid-conflict-with-guava.jar:/Users/dmitrijnajdenov/.m2/repository/com/google/code/findbugs/jsr305/3.0.2/jsr305-3.0.2.jar:/Users/dmitrijnajdenov/.m2/repository/org/checkerframework/checker-qual/3.12.0/checker-qual-3.12.0.jar:/Users/dmitrijnajdenov/.m2/repository/com/google/errorprone/error_prone_annotations/2.11.0/error_prone_annotations-2.11.0.jar:/Users/dmitrijnajdenov/.m2/repository/com/google/j2objc/j2objc-annotations/1.3/j2objc-annotations-1.3.jar:/Users/dmitrijnajdenov/.m2/repository/org/aspectj/aspectjweaver/1.9.9.1/aspectjweaver-1.9.9.1.jar:/Users/dmitrijnajdenov/.m2/repository/org/apache-extras/beanshell/bsh/2.0b6/bsh-2.0b6.jar:/Users/dmitrijnajdenov/.m2/repository/org/hamcrest/hamcrest/2.2/hamcrest-2.2.jar:/Users/dmitrijnajdenov/.m2/repository/org/json/json/20220924/json-20220924.jar:/Users/dmitrijnajdenov/.m2/repository/org/junit/jupiter/junit-jupiter-api/5.9.1/junit-jupiter-api-5.9.1.jar:/Users/dmitrijnajdenov/.m2/repository/org/opentest4j/opentest4j/1.2.0/opentest4j-1.2.0.jar:/Users/dmitrijnajdenov/.m2/repository/org/junit/platform/junit-platform-commons/1.9.1/junit-platform-commons-1.9.1.jar:/Users/dmitrijnajdenov/.m2/repository/org/junit/jupiter/junit-jupiter-engine/5.9.1/junit-jupiter-engine-5.9.1.jar:/Users/dmitrijnajdenov/.m2/repository/org/junit/platform/junit-platform-suite-api/1.9.1/junit-platform-suite-api-1.9.1.jar:/Users/dmitrijnajdenov/.m2/repository/org/junit/platform/junit-platform-suite-engine/1.9.1/junit-platform-suite-engine-1.9.1.jar:/Users/dmitrijnajdenov/.m2/repository/org/junit/platform/junit-platform-suite-commons/1.9.1/junit-platform-suite-commons-1.9.1.jar:/Users/dmitrijnajdenov/.m2/repository/org/junit/platform/junit-platform-launcher/1.9.1/junit-platform-launcher-1.9.1.jar:/Users/dmitrijnajdenov/.m2/repository/org/projectlombok/lombok/1.18.24/lombok-1.18.24.jar:/Users/dmitrijnajdenov/.m2/repository/org/slf4j/slf4j-api/2.0.3/slf4j-api-2.0.3.jar:/Users/dmitrijnajdenov/.m2/repository/org/springframework/spring-beans/5.3.24/spring-beans-5.3.24.jar:/Users/dmitrijnajdenov/.m2/repository/org/springframework/spring-context/5.3.24/spring-context-5.3.24.jar:/Users/dmitrijnajdenov/.m2/repository/org/springframework/spring-aop/5.3.24/spring-aop-5.3.24.jar:/Users/dmitrijnajdenov/.m2/repository/org/springframework/spring-core/5.3.24/spring-core-5.3.24.jar:/Users/dmitrijnajdenov/.m2/repository/org/springframework/spring-jcl/5.3.24/spring-jcl-5.3.24.jar:/Users/dmitrijnajdenov/.m2/repository/org/springframework/spring-expression/5.3.24/spring-expression-5.3.24.jar:/Users/dmitrijnajdenov/.m2/repository/org/springframework/spring-test/5.3.24/spring-test-5.3.24.jar:/Users/dmitrijnajdenov/.m2/repository/io/qameta/allure/allure-java-commons/2.20.1/allure-java-commons-2.20.1.jar:/Users/dmitrijnajdenov/.m2/repository/io/qameta/allure/allure-model/2.20.1/allure-model-2.20.1.jar:/Users/dmitrijnajdenov/.m2/repository/io/qameta/allure/allure-junit5/2.20.1/allure-junit5-2.20.1.jar:/Users/dmitrijnajdenov/.m2/repository/io/qameta/allure/allure-junit-platform/2.20.1/allure-junit-platform-2.20.1.jar:/Users/dmitrijnajdenov/.m2/repository/io/qameta/allure/allure-test-filter/2.20.1/allure-test-filter-2.20.1.jar:/Users/dmitrijnajdenov/.m2/repository/ru/ibsqa/chameleon/chameleon-core-cucumber/3.5.0/chameleon-core-cucumber-3.5.0.jar:/Users/dmitrijnajdenov/.m2/repository/io/cucumber/cucumber-java/7.9.0/cucumber-java-7.9.0.jar:/Users/dmitrijnajdenov/.m2/repository/io/cucumber/cucumber-core/7.9.0/cucumber-core-7.9.0.jar:/Users/dmitrijnajdenov/.m2/repository/io/cucumber/cucumber-gherkin/7.9.0/cucumber-gherkin-7.9.0.jar:/Users/dmitrijnajdenov/.m2/repository/io/cucumber/cucumber-gherkin-messages/7.9.0/cucumber-gherkin-messages-7.9.0.jar:/Users/dmitrijnajdenov/.m2/repository/io/cucumber/tag-expressions/4.1.0/tag-expressions-4.1.0.jar:/Users/dmitrijnajdenov/.m2/repository/io/cucumber/cucumber-expressions/16.0.0/cucumber-expressions-16.0.0.jar:/Users/dmitrijnajdenov/.m2/repository/io/cucumber/datatable/7.9.0/datatable-7.9.0.jar:/Users/dmitrijnajdenov/.m2/repository/io/cucumber/cucumber-plugin/7.9.0/cucumber-plugin-7.9.0.jar:/Users/dmitrijnajdenov/.m2/repository/io/cucumber/docstring/7.9.0/docstring-7.9.0.jar:/Users/dmitrijnajdenov/.m2/repository/io/cucumber/html-formatter/20.1.0/html-formatter-20.1.0.jar:/Users/dmitrijnajdenov/.m2/repository/io/cucumber/ci-environment/9.1.0/ci-environment-9.1.0.jar:/Users/dmitrijnajdenov/.m2/repository/org/apiguardian/apiguardian-api/1.1.2/apiguardian-api-1.1.2.jar:/Users/dmitrijnajdenov/.m2/repository/io/cucumber/cucumber-junit-platform-engine/7.9.0/cucumber-junit-platform-engine-7.9.0.jar:/Users/dmitrijnajdenov/.m2/repository/org/junit/platform/junit-platform-engine/1.9.1/junit-platform-engine-1.9.1.jar:/Users/dmitrijnajdenov/.m2/repository/io/cucumber/cucumber-spring/7.9.0/cucumber-spring-7.9.0.jar:/Users/dmitrijnajdenov/.m2/repository/com/fasterxml/jackson/core/jackson-core/2.14.0/jackson-core-2.14.0.jar:/Users/dmitrijnajdenov/.m2/repository/com/fasterxml/jackson/core/jackson-databind/2.14.0/jackson-databind-2.14.0.jar:/Users/dmitrijnajdenov/.m2/repository/com/fasterxml/jackson/core/jackson-annotations/2.14.0/jackson-annotations-2.14.0.jar:/Users/dmitrijnajdenov/.m2/repository/io/qameta/allure/allure-cucumber7-jvm/2.20.1/allure-cucumber7-jvm-2.20.1.jar:/Users/dmitrijnajdenov/.m2/repository/io/cucumber/gherkin/24.1.0/gherkin-24.1.0.jar:/Users/dmitrijnajdenov/.m2/repository/io/cucumber/messages/19.1.4/messages-19.1.4.jar:/Users/dmitrijnajdenov/.m2/repository/ru/ibsqa/chameleon/chameleon-web-cucumber/3.5.0/chameleon-web-cucumber-3.5.0.jar:/Users/dmitrijnajdenov/.m2/repository/ru/ibsqa/chameleon/chameleon-selenium-cucumber/3.5.0/chameleon-selenium-cucumber-3.5.0.jar:/Users/dmitrijnajdenov/.m2/repository/ru/ibsqa/chameleon/chameleon-selenium/3.5.0/chameleon-selenium-3.5.0.jar:/Users/dmitrijnajdenov/.m2/repository/org/javassist/javassist/3.29.2-GA/javassist-3.29.2-GA.jar:/Users/dmitrijnajdenov/.m2/repository/org/seleniumhq/selenium/selenium-java/4.6.0/selenium-java-4.6.0.jar:/Users/dmitrijnajdenov/.m2/repository/org/seleniumhq/selenium/selenium-api/4.6.0/selenium-api-4.6.0.jar:/Users/dmitrijnajdenov/.m2/repository/org/seleniumhq/selenium/selenium-chrome-driver/4.6.0/selenium-chrome-driver-4.6.0.jar:/Users/dmitrijnajdenov/.m2/repository/org/seleniumhq/selenium/selenium-chromium-driver/4.6.0/selenium-chromium-driver-4.6.0.jar:/Users/dmitrijnajdenov/.m2/repository/org/seleniumhq/selenium/selenium-json/4.6.0/selenium-json-4.6.0.jar:/Users/dmitrijnajdenov/.m2/repository/org/seleniumhq/selenium/selenium-devtools-v105/4.6.0/selenium-devtools-v105-4.6.0.jar:/Users/dmitrijnajdenov/.m2/repository/org/seleniumhq/selenium/selenium-devtools-v106/4.6.0/selenium-devtools-v106-4.6.0.jar:/Users/dmitrijnajdenov/.m2/repository/org/seleniumhq/selenium/selenium-devtools-v107/4.6.0/selenium-devtools-v107-4.6.0.jar:/Users/dmitrijnajdenov/.m2/repository/org/seleniumhq/selenium/selenium-devtools-v85/4.6.0/selenium-devtools-v85-4.6.0.jar:/Users/dmitrijnajdenov/.m2/repository/org/seleniumhq/selenium/selenium-edge-driver/4.6.0/selenium-edge-driver-4.6.0.jar:/Users/dmitrijnajdenov/.m2/repository/org/seleniumhq/selenium/selenium-firefox-driver/4.6.0/selenium-firefox-driver-4.6.0.jar:/Users/dmitrijnajdenov/.m2/repository/org/seleniumhq/selenium/selenium-ie-driver/4.6.0/selenium-ie-driver-4.6.0.jar:/Users/dmitrijnajdenov/.m2/repository/org/seleniumhq/selenium/selenium-remote-driver/4.6.0/selenium-remote-driver-4.6.0.jar:/Users/dmitrijnajdenov/.m2/repository/com/beust/jcommander/1.82/jcommander-1.82.jar:/Users/dmitrijnajdenov/.m2/repository/io/netty/netty-buffer/4.1.85.Final/netty-buffer-4.1.85.Final.jar:/Users/dmitrijnajdenov/.m2/repository/io/netty/netty-codec-http/4.1.85.Final/netty-codec-http-4.1.85.Final.jar:/Users/dmitrijnajdenov/.m2/repository/io/netty/netty-codec/4.1.85.Final/netty-codec-4.1.85.Final.jar:/Users/dmitrijnajdenov/.m2/repository/io/netty/netty-handler/4.1.85.Final/netty-handler-4.1.85.Final.jar:/Users/dmitrijnajdenov/.m2/repository/io/netty/netty-common/4.1.85.Final/netty-common-4.1.85.Final.jar:/Users/dmitrijnajdenov/.m2/repository/io/netty/netty-transport-classes-epoll/4.1.85.Final/netty-transport-classes-epoll-4.1.85.Final.jar:/Users/dmitrijnajdenov/.m2/repository/io/netty/netty-transport-classes-kqueue/4.1.85.Final/netty-transport-classes-kqueue-4.1.85.Final.jar:/Users/dmitrijnajdenov/.m2/repository/io/netty/netty-transport-native-epoll/4.1.85.Final/netty-transport-native-epoll-4.1.85.Final.jar:/Users/dmitrijnajdenov/.m2/repository/io/netty/netty-transport-native-kqueue/4.1.85.Final/netty-transport-native-kqueue-4.1.85.Final.jar:/Users/dmitrijnajdenov/.m2/repository/io/netty/netty-transport-native-unix-common/4.1.85.Final/netty-transport-native-unix-common-4.1.85.Final.jar:/Users/dmitrijnajdenov/.m2/repository/io/netty/netty-transport/4.1.85.Final/netty-transport-4.1.85.Final.jar:/Users/dmitrijnajdenov/.m2/repository/io/netty/netty-resolver/4.1.85.Final/netty-resolver-4.1.85.Final.jar:/Users/dmitrijnajdenov/.m2/repository/io/opentelemetry/opentelemetry-api/1.19.0/opentelemetry-api-1.19.0.jar:/Users/dmitrijnajdenov/.m2/repository/io/opentelemetry/opentelemetry-context/1.19.0/opentelemetry-context-1.19.0.jar:/Users/dmitrijnajdenov/.m2/repository/io/opentelemetry/opentelemetry-exporter-logging/1.19.0/opentelemetry-exporter-logging-1.19.0.jar:/Users/dmitrijnajdenov/.m2/repository/io/opentelemetry/opentelemetry-sdk-metrics/1.19.0/opentelemetry-sdk-metrics-1.19.0.jar:/Users/dmitrijnajdenov/.m2/repository/io/opentelemetry/opentelemetry-sdk-logs/1.19.0-alpha/opentelemetry-sdk-logs-1.19.0-alpha.jar:/Users/dmitrijnajdenov/.m2/repository/io/opentelemetry/opentelemetry-api-logs/1.19.0-alpha/opentelemetry-api-logs-1.19.0-alpha.jar:/Users/dmitrijnajdenov/.m2/repository/io/opentelemetry/opentelemetry-sdk-common/1.19.0/opentelemetry-sdk-common-1.19.0.jar:/Users/dmitrijnajdenov/.m2/repository/io/opentelemetry/opentelemetry-sdk-extension-autoconfigure-spi/1.19.0/opentelemetry-sdk-extension-autoconfigure-spi-1.19.0.jar:/Users/dmitrijnajdenov/.m2/repository/io/opentelemetry/opentelemetry-sdk-extension-autoconfigure/1.19.0-alpha/opentelemetry-sdk-extension-autoconfigure-1.19.0-alpha.jar:/Users/dmitrijnajdenov/.m2/repository/io/opentelemetry/opentelemetry-exporter-common/1.19.0/opentelemetry-exporter-common-1.19.0.jar:/Users/dmitrijnajdenov/.m2/repository/io/opentelemetry/opentelemetry-sdk-trace/1.19.0/opentelemetry-sdk-trace-1.19.0.jar:/Users/dmitrijnajdenov/.m2/repository/io/opentelemetry/opentelemetry-sdk/1.19.0/opentelemetry-sdk-1.19.0.jar:/Users/dmitrijnajdenov/.m2/repository/io/opentelemetry/opentelemetry-semconv/1.19.0-alpha/opentelemetry-semconv-1.19.0-alpha.jar:/Users/dmitrijnajdenov/.m2/repository/io/ous/jtoml/2.0.0/jtoml-2.0.0.jar:/Users/dmitrijnajdenov/.m2/repository/net/bytebuddy/byte-buddy/1.12.18/byte-buddy-1.12.18.jar:/Users/dmitrijnajdenov/.m2/repository/org/apache/commons/commons-exec/1.3/commons-exec-1.3.jar:/Users/dmitrijnajdenov/.m2/repository/org/asynchttpclient/async-http-client/2.12.3/async-http-client-2.12.3.jar:/Users/dmitrijnajdenov/.m2/repository/org/asynchttpclient/async-http-client-netty-utils/2.12.3/async-http-client-netty-utils-2.12.3.jar:/Users/dmitrijnajdenov/.m2/repository/io/netty/netty-codec-socks/4.1.85.Final/netty-codec-socks-4.1.85.Final.jar:/Users/dmitrijnajdenov/.m2/repository/io/netty/netty-handler-proxy/4.1.85.Final/netty-handler-proxy-4.1.85.Final.jar:/Users/dmitrijnajdenov/.m2/repository/io/netty/netty-transport-native-epoll/4.1.85.Final/netty-transport-native-epoll-4.1.85.Final-linux-x86_64.jar:/Users/dmitrijnajdenov/.m2/repository/io/netty/netty-transport-native-kqueue/4.1.85.Final/netty-transport-native-kqueue-4.1.85.Final-osx-x86_64.jar:/Users/dmitrijnajdenov/.m2/repository/org/reactivestreams/reactive-streams/1.0.3/reactive-streams-1.0.3.jar:/Users/dmitrijnajdenov/.m2/repository/com/typesafe/netty/netty-reactive-streams/2.0.4/netty-reactive-streams-2.0.4.jar:/Users/dmitrijnajdenov/.m2/repository/org/seleniumhq/selenium/selenium-manager/4.6.0/selenium-manager-4.6.0.jar:/Users/dmitrijnajdenov/.m2/repository/org/seleniumhq/selenium/selenium-safari-driver/4.6.0/selenium-safari-driver-4.6.0.jar:/Users/dmitrijnajdenov/.m2/repository/org/seleniumhq/selenium/selenium-support/4.6.0/selenium-support-4.6.0.jar:/Users/dmitrijnajdenov/.m2/repository/org/seleniumhq/selenium/selenium-http-jdk-client/4.6.0/selenium-http-jdk-client-4.6.0.jar:/Users/dmitrijnajdenov/.m2/repository/com/google/auto/service/auto-service-annotations/1.0.1/auto-service-annotations-1.0.1.jar:/Users/dmitrijnajdenov/.m2/repository/com/google/auto/service/auto-service/1.0.1/auto-service-1.0.1.jar:/Users/dmitrijnajdenov/.m2/repository/com/google/auto/auto-common/1.2/auto-common-1.2.jar:/Users/dmitrijnajdenov/.m2/repository/org/seleniumhq/selenium/selenium-http/4.6.0/selenium-http-4.6.0.jar:/Users/dmitrijnajdenov/.m2/repository/dev/failsafe/failsafe/3.3.0/failsafe-3.3.0.jar:/Users/dmitrijnajdenov/.m2/repository/io/github/bonigarcia/webdrivermanager/5.3.1/webdrivermanager-5.3.1.jar:/Users/dmitrijnajdenov/.m2/repository/com/google/code/gson/gson/2.10/gson-2.10.jar:/Users/dmitrijnajdenov/.m2/repository/com/github/docker-java/docker-java/3.2.13/docker-java-3.2.13.jar:/Users/dmitrijnajdenov/.m2/repository/com/github/docker-java/docker-java-core/3.2.13/docker-java-core-3.2.13.jar:/Users/dmitrijnajdenov/.m2/repository/com/github/docker-java/docker-java-api/3.2.13/docker-java-api-3.2.13.jar:/Users/dmitrijnajdenov/.m2/repository/org/apache/commons/commons-compress/1.21/commons-compress-1.21.jar:/Users/dmitrijnajdenov/.m2/repository/org/bouncycastle/bcpkix-jdk15on/1.64/bcpkix-jdk15on-1.64.jar:/Users/dmitrijnajdenov/.m2/repository/org/bouncycastle/bcprov-jdk15on/1.64/bcprov-jdk15on-1.64.jar:/Users/dmitrijnajdenov/.m2/repository/org/slf4j/jcl-over-slf4j/1.7.30/jcl-over-slf4j-1.7.30.jar:/Users/dmitrijnajdenov/.m2/repository/com/github/docker-java/docker-java-transport-httpclient5/3.2.13/docker-java-transport-httpclient5-3.2.13.jar:/Users/dmitrijnajdenov/.m2/repository/com/github/docker-java/docker-java-transport/3.2.13/docker-java-transport-3.2.13.jar:/Users/dmitrijnajdenov/.m2/repository/net/java/dev/jna/jna/5.12.1/jna-5.12.1.jar:/Users/dmitrijnajdenov/.m2/repository/org/brotli/dec/0.1.2/dec-0.1.2.jar:/Users/dmitrijnajdenov/.m2/repository/org/apache/httpcomponents/client5/httpclient5/5.1.3/httpclient5-5.1.3.jar:/Users/dmitrijnajdenov/.m2/repository/org/apache/httpcomponents/core5/httpcore5/5.1.3/httpcore5-5.1.3.jar:/Users/dmitrijnajdenov/.m2/repository/org/apache/httpcomponents/core5/httpcore5-h2/5.1.3/httpcore5-h2-5.1.3.jar:/Users/dmitrijnajdenov/.m2/repository/commons-codec/commons-codec/1.15/commons-codec-1.15.jar:/Users/dmitrijnajdenov/.m2/repository/ru/yandex/qatools/ashot/ashot/1.5.4/ashot-1.5.4.jar:/Users/dmitrijnajdenov/.m2/repository/org/hamcrest/hamcrest-core/1.3/hamcrest-core-1.3.jar:/Users/dmitrijnajdenov/.m2/repository/ru/ibsqa/chameleon/chameleon-web/3.5.0/chameleon-web-3.5.0.jar:/Users/dmitrijnajdenov/.m2/repository/ru/ibsqa/chameleon/chameleon-db-cucumber/3.5.0/chameleon-db-cucumber-3.5.0.jar:/Users/dmitrijnajdenov/.m2/repository/ru/ibsqa/chameleon/chameleon-db/3.5.0/chameleon-db-3.5.0.jar:/Users/dmitrijnajdenov/.m2/repository/com/h2database/h2/2.2.220/h2-2.2.220.jar:"/>
    <property name="sun.cpu.endian" value="little"/>
    <property name="user.home" value="/Users/dmitrijnajdenov"/>
    <property name="user.language" value="ru"/>
    <property name="java.specification.vendor" value="Oracle Corporation"/>
    <property name="java.version.date" value="2023-07-18"/>
    <property name="java.home" value="/usr/local/Cellar/openjdk/20.0.2/libexec/openjdk.jdk/Contents/Home"/>
    <property name="file.separator" value="/"/>
    <property name="basedir" value="/Users/dmitrijnajdenov/Desktop/untitled3"/>
    <property name="java.vm.compressedOopsMode" value="Zero based"/>
    <property name="line.separator" value="&#10;"/>
    <property name="java.vm.specification.vendor" value="Oracle Corporation"/>
    <property name="java.specification.name" value="Java Platform API Specification"/>
    <property name="apple.awt.application.name" value="ForkedBooter"/>
    <property name="cucumber.object-factory" value="io.cucumber.spring.ChameleonFactory"/>
    <property name="surefire.real.class.path" value="/Users/dmitrijnajdenov/Desktop/untitled3/target/surefire/surefirebooter-20230907153541233_3.jar"/>
    <property name="sun.management.compiler" value="HotSpot 64-Bit Tiered Compilers"/>
    <property name="ftp.nonProxyHosts" value="local|*.local|169.254/16|*.169.254/16"/>
    <property name="java.runtime.version" value="20.0.2"/>
    <property name="user.name" value="dmitrijnajdenov"/>
    <property name="java.net.preferIPv4Stack" value="true"/>
    <property name="stdout.encoding" value="UTF-8"/>
    <property name="path.separator" value=":"/>
    <property name="closeDriverAfterTest" value="true"/>
    <property name="os.version" value="13.5.1"/>
    <property name="maximizeWindow" value="true"/>
    <property name="java.runtime.name" value="OpenJDK Runtime Environment"/>
    <property name="screenshotConfiguration" value="FOR_FAILURES"/>
    <property name="file.encoding" value="UTF-8"/>
    <property name="java.vm.name" value="OpenJDK 64-Bit Server VM"/>
    <property name="highlightElements" value="false"/>
    <property name="java.vendor.version" value="Homebrew"/>
    <property name="localRepository" value="/Users/dmitrijnajdenov/.m2/repository"/>
    <property name="java.vendor.url.bug" value="https://github.com/Homebrew/homebrew-core/issues"/>
    <property name="java.io.tmpdir" value="/var/folders/zt/3_tl3zt12ys3v8ntnhl7yr9w0000gn/T/"/>
    <property name="java.version" value="20.0.2"/>
    <property name="user.dir" value="/Users/dmitrijnajdenov/Desktop/untitled3"/>
    <property name="os.arch" value="x86_64"/>
    <property name="java.vm.specification.name" value="Java Virtual Machine Specification"/>
    <property name="advancedScreenshotMethod" value="false"/>
    <property name="driverType" value="CHROME"/>
    <property name="native.encoding" value="UTF-8"/>
    <property name="java.library.path" value="/Users/dmitrijnajdenov/Library/Java/Extensions:/Library/Java/Extensions:/Network/Library/Java/Extensions:/System/Library/Java/Extensions:/usr/lib/java:."/>
    <property name="java.vm.info" value="mixed mode, sharing"/>
    <property name="stderr.encoding" value="UTF-8"/>
    <property name="java.vendor" value="Homebrew"/>
    <property name="java.vm.version" value="20.0.2"/>
    <property name="defaultWaitTimeOut" value="10"/>
    <property name="sun.io.unicode.encoding" value="UnicodeBig"/>
    <property name="fullScreenshot" value="false"/>
    <property name="allure.enabled" value="true"/>
    <property name="socksNonProxyHosts" value="local|*.local|169.254/16|*.169.254/16"/>
    <property name="java.class.version" value="64.0"/>
    <property name="webdriver.http.factory" value="jdk-http-client"/>
  </properties>
  <testcase name="Добавить обычный фрукт" classname="Добавление товара в таблицу" time="11.733">
    <error message="Не удалось создать драйвер [CHROME]" type="ru.ibsqa.chameleon.selenium.driver.exceptions.NoSupportedDriverException"><![CDATA[ru.ibsqa.chameleon.selenium.driver.exceptions.NoSupportedDriverException: Не удалось создать драйвер [CHROME]
	at ru.ibsqa.chameleon.selenium.driver.WebDriverFactory.newInstance(WebDriverFactory.java:92)
	at ru.ibsqa.chameleon.selenium.driver.WebDriverFactory.newInstance(WebDriverFactory.java:52)
	at ru.ibsqa.chameleon.selenium.driver.AbstractDriverFactory.newInstance(AbstractDriverFactory.java:28)
	at ru.ibsqa.chameleon.selenium.driver.universal.UniversalDriverFactoryImpl.lambda$newInstance$2(UniversalDriverFactoryImpl.java:66)
	at java.base/java.util.stream.ReferencePipeline$3$1.accept(ReferencePipeline.java:197)
	at java.base/java.util.stream.SortedOps$RefSortingSink.end(SortedOps.java:400)
	at java.base/java.util.stream.Sink$ChainedReference.end(Sink.java:258)
	at java.base/java.util.stream.AbstractPipeline.copyIntoWithCancel(AbstractPipeline.java:528)
	at java.base/java.util.stream.AbstractPipeline.copyInto(AbstractPipeline.java:513)
	at java.base/java.util.stream.AbstractPipeline.wrapAndCopyInto(AbstractPipeline.java:499)
	at java.base/java.util.stream.FindOps$FindOp.evaluateSequential(FindOps.java:150)
	at java.base/java.util.stream.AbstractPipeline.evaluate(AbstractPipeline.java:234)
	at java.base/java.util.stream.ReferencePipeline.findFirst(ReferencePipeline.java:647)
	at ru.ibsqa.chameleon.selenium.driver.universal.UniversalDriverFactoryImpl.newInstance(UniversalDriverFactoryImpl.java:73)
	at ru.ibsqa.chameleon.selenium.driver.WebDriverFacade.newProxyDriver(WebDriverFacade.java:129)
	at ru.ibsqa.chameleon.selenium.driver.WebDriverFacade.getWrappedDriver(WebDriverFacade.java:89)
	at ru.ibsqa.chameleon.selenium.driver.WebDriverFacade.getScreenshotAs(WebDriverFacade.java:254)
	at ru.ibsqa.chameleon.steps.DefaultScreenshotSteps.takeWebDriverSimpleScreenshot(DefaultScreenshotSteps.java:73)
	at ru.ibsqa.chameleon.steps.DefaultScreenshotSteps.lambda$takeScreenshotToReport$1(DefaultScreenshotSteps.java:58)
	at ru.ibsqa.chameleon.steps.DefaultScreenshotSteps.addScreenshot(DefaultScreenshotSteps.java:139)
	at ru.ibsqa.chameleon.steps.DefaultScreenshotSteps.takeScreenshotToReport(DefaultScreenshotSteps.java:58)
	at ru.ibsqa.chameleon.steps.ScreenshotManagerImpl.takeScreenshotToReport(ScreenshotManagerImpl.java:43)
	at ru.ibsqa.chameleon.reporter.StepListenerScreenshotImpl.stepAfterThrowing(StepListenerScreenshotImpl.java:63)
	at ru.ibsqa.chameleon.steps.aspect.StepListenerManagerImpl.lambda$stepAfterThrowing$4(StepListenerManagerImpl.java:105)
	at java.base/java.util.ArrayList.forEach(ArrayList.java:1511)
	at ru.ibsqa.chameleon.steps.aspect.StepListenerManagerImpl.stepAfterThrowing(StepListenerManagerImpl.java:105)
	at ru.ibsqa.chameleon.steps.aspect.CucumberAspectSteps.stepNonUIBddAfterThrowing(CucumberAspectSteps.java:129)
	at ru.ibsqa.chameleon.steps.PageStorySteps.stepLoadedPage(PageStorySteps.java:41)
	at ✽.страница "Главная страница" загружена(file:///Users/dmitrijnajdenov/Desktop/untitled3/src/test/resources/features/%D0%94%D0%BE%D0%B1%D0%B0%D0%B2%D0%BB%D0%B5%D0%BD%D0%B8%D0%B5%20%D1%82%D0%BE%D0%B2%D0%B0%D1%80%D0%B0%20%D0%B2%20%D1%82%D0%B0%D0%B1%D0%BB%D0%B8%D1%86%D1%83.feature:13)
]]></error>
    <system-out><![CDATA[
Сценарий: Добавить обычный фрукт                                              &amp#27;[90m# src/test/resources/features/Добавление товара в таблицу.feature:11&amp#27;[0m
  &amp#27;[31m* &amp#27;[0m&amp#27;[31mстраница "&amp#27;[0m&amp#27;[31m&amp#27;[1mГлавная страница&amp#27;[0m&amp#27;[31m" загружена&amp#27;[0m                                     &amp#27;[90m# ru.ibsqa.chameleon.steps.PageStorySteps.stepLoadedPage(java.lang.String)&amp#27;[0m
      &amp#27;[31mru.ibsqa.chameleon.selenium.driver.exceptions.NoSupportedDriverException: Не удалось создать драйвер [CHROME]
	at ru.ibsqa.chameleon.selenium.driver.WebDriverFactory.newInstance(WebDriverFactory.java:92)
	at ru.ibsqa.chameleon.selenium.driver.WebDriverFactory.newInstance(WebDriverFactory.java:52)
	at ru.ibsqa.chameleon.selenium.driver.AbstractDriverFactory.newInstance(AbstractDriverFactory.java:28)
	at ru.ibsqa.chameleon.selenium.driver.universal.UniversalDriverFactoryImpl.lambda$newInstance$2(UniversalDriverFactoryImpl.java:66)
	at java.base/java.util.stream.ReferencePipeline$3$1.accept(ReferencePipeline.java:197)
	at java.base/java.util.stream.SortedOps$RefSortingSink.end(SortedOps.java:400)
	at java.base/java.util.stream.Sink$ChainedReference.end(Sink.java:258)
	at java.base/java.util.stream.AbstractPipeline.copyIntoWithCancel(AbstractPipeline.java:528)
	at java.base/java.util.stream.AbstractPipeline.copyInto(AbstractPipeline.java:513)
	at java.base/java.util.stream.AbstractPipeline.wrapAndCopyInto(AbstractPipeline.java:499)
	at java.base/java.util.stream.FindOps$FindOp.evaluateSequential(FindOps.java:150)
	at java.base/java.util.stream.AbstractPipeline.evaluate(AbstractPipeline.java:234)
	at java.base/java.util.stream.ReferencePipeline.findFirst(ReferencePipeline.java:647)
	at ru.ibsqa.chameleon.selenium.driver.universal.UniversalDriverFactoryImpl.newInstance(UniversalDriverFactoryImpl.java:73)
	at ru.ibsqa.chameleon.selenium.driver.WebDriverFacade.newProxyDriver(WebDriverFacade.java:129)
	at ru.ibsqa.chameleon.selenium.driver.WebDriverFacade.getWrappedDriver(WebDriverFacade.java:89)
	at ru.ibsqa.chameleon.selenium.driver.WebDriverFacade.getScreenshotAs(WebDriverFacade.java:254)
	at ru.ibsqa.chameleon.steps.DefaultScreenshotSteps.takeWebDriverSimpleScreenshot(DefaultScreenshotSteps.java:73)
	at ru.ibsqa.chameleon.steps.DefaultScreenshotSteps.lambda$takeScreenshotToReport$1(DefaultScreenshotSteps.java:58)
	at ru.ibsqa.chameleon.steps.DefaultScreenshotSteps.addScreenshot(DefaultScreenshotSteps.java:139)
	at ru.ibsqa.chameleon.steps.DefaultScreenshotSteps.takeScreenshotToReport(DefaultScreenshotSteps.java:58)
	at ru.ibsqa.chameleon.steps.ScreenshotManagerImpl.takeScreenshotToReport(ScreenshotManagerImpl.java:43)
	at ru.ibsqa.chameleon.reporter.StepListenerScreenshotImpl.stepAfterThrowing(StepListenerScreenshotImpl.java:63)
	at ru.ibsqa.chameleon.steps.aspect.StepListenerManagerImpl.lambda$stepAfterThrowing$4(StepListenerManagerImpl.java:105)
	at java.base/java.util.ArrayList.forEach(ArrayList.java:1511)
	at ru.ibsqa.chameleon.steps.aspect.StepListenerManagerImpl.stepAfterThrowing(StepListenerManagerImpl.java:105)
	at ru.ibsqa.chameleon.steps.aspect.CucumberAspectSteps.stepNonUIBddAfterThrowing(CucumberAspectSteps.java:129)
	at ru.ibsqa.chameleon.steps.PageStorySteps.stepLoadedPage(PageStorySteps.java:41)
	at ✽.страница "Главная страница" загружена(file:///Users/dmitrijnajdenov/Desktop/untitled3/src/test/resources/features/%D0%94%D0%BE%D0%B1%D0%B0%D0%B2%D0%BB%D0%B5%D0%BD%D0%B8%D0%B5%20%D1%82%D0%BE%D0%B2%D0%B0%D1%80%D0%B0%20%D0%B2%20%D1%82%D0%B0%D0%B1%D0%BB%D0%B8%D1%86%D1%83.feature:13)
&amp#27;[0m
  &amp#27;[36m* &amp#27;[0m&amp#27;[36mвыполнено нажатие на "&amp#27;[0m&amp#27;[36m&amp#27;[1mПесочница&amp#27;[0m&amp#27;[36m"&amp#27;[0m                                          &amp#27;[90m# ru.ibsqa.chameleon.steps.SeleniumFieldStorySteps.stepClickField(java.lang.String)&amp#27;[0m
  &amp#27;[36m* &amp#27;[0m&amp#27;[36mнажатием на кнопку "&amp#27;[0m&amp#27;[36m&amp#27;[1mТовары&amp#27;[0m&amp#27;[36m" загружена страница "&amp#27;[0m&amp#27;[36m&amp#27;[1mПродукты&amp#27;[0m&amp#27;[36m"&amp#27;[0m                 &amp#27;[90m# ru.ibsqa.chameleon.steps.SeleniumFieldStorySteps.stepClickFieldAndPageLoaded(java.lang.String,java.lang.String)&amp#27;[0m
  &amp#27;[36m* &amp#27;[0m&amp#27;[36mнажатием на кнопку "&amp#27;[0m&amp#27;[36m&amp#27;[1mДобавить&amp#27;[0m&amp#27;[36m" загружена страница "&amp#27;[0m&amp#27;[36m&amp#27;[1mОкно добавления товара&amp#27;[0m&amp#27;[36m"&amp#27;[0m &amp#27;[90m# ru.ibsqa.chameleon.steps.SeleniumFieldStorySteps.stepClickFieldAndPageLoaded(java.lang.String,java.lang.String)&amp#27;[0m
  &amp#27;[36m* &amp#27;[0m&amp#27;[36mзаполняются поля:&amp#27;[0m                                                         &amp#27;[90m# ru.ibsqa.chameleon.steps.CoreFieldStorySteps.stepFillFields(java.util.List<ru.ibsqa.chameleon.converters.FieldValueTable>)&amp#27;[0m
    | field        | value           |
    | Наименование | #{Наименование} |
    | Тип          | #{Тип}          |
  &amp#27;[36m* &amp#27;[0m&amp#27;[36mвыполнено нажатие на "&amp#27;[0m&amp#27;[36m&amp#27;[1m Экзотический&amp#27;[0m&amp#27;[36m"&amp#27;[0m                                      &amp#27;[90m# ru.ibsqa.chameleon.steps.SeleniumFieldStorySteps.stepClickField(java.lang.String)&amp#27;[0m
  &amp#27;[36m* &amp#27;[0m&amp#27;[36mнажатием на кнопку "&amp#27;[0m&amp#27;[36m&amp#27;[1mСохранить&amp#27;[0m&amp#27;[36m" загружена страница "&amp#27;[0m&amp#27;[36m&amp#27;[1mПродукты&amp#27;[0m&amp#27;[36m"&amp#27;[0m              &amp#27;[90m# ru.ibsqa.chameleon.steps.SeleniumFieldStorySteps.stepClickFieldAndPageLoaded(java.lang.String,java.lang.String)&amp#27;[0m
  &amp#27;[36m* &amp#27;[0m&amp#27;[36mожидается элемент коллекции "&amp#27;[0m&amp#27;[36m&amp#27;[1mТаблица&amp#27;[0m&amp#27;[36m" в течение "&amp#27;[0m&amp#27;[36m&amp#27;[1m5&amp#27;[0m&amp#27;[36m" секунд с параметрами:&amp#27;[0m &amp#27;[90m# ru.ibsqa.chameleon.steps.CollectionStorySteps.stepWaitCollectionByConditions(java.lang.String,java.lang.String,java.util.List<ru.ibsqa.chameleon.converters.FieldOperatorValueTable>)&amp#27;[0m
    | field        | value           |
    | Наименование | #{Наименование} |
    | Тип          | #{Тип}          |
  &amp#27;[36m* &amp#27;[0m&amp#27;[36mколичество элементов коллекции "&amp#27;[0m&amp#27;[36m&amp#27;[1mТаблица&amp#27;[0m&amp#27;[36m" &amp#27;[0m&amp#27;[36m&amp#27;[1mравно&amp#27;[0m&amp#27;[36m "&amp#27;[0m&amp#27;[36m&amp#27;[1m5&amp#27;[0m&amp#27;[36m"&amp#27;[0m                        &amp#27;[90m# ru.ibsqa.chameleon.steps.CollectionStorySteps.stepCheckItemCount(java.lang.String,java.lang.String,java.lang.String)&amp#27;[0m
]]></system-out>
    <system-err><![CDATA[SLF4J: No SLF4J providers were found.
SLF4J: Defaulting to no-operation (NOP) logger implementation
SLF4J: See https://www.slf4j.org/codes.html#noProviders for further details.
Starting ChromeDriver 114.0.5735.90 (386bc09e8f4f2e025eddae123f36f6263096ae49-refs/branch-heads/5735@{#1052}) on port 31171
Only local connections are allowed.
Please see https://chromedriver.chromium.org/security-considerations for suggestions on keeping ChromeDriver safe.
ChromeDriver was started successfully.
Starting ChromeDriver 114.0.5735.90 (386bc09e8f4f2e025eddae123f36f6263096ae49-refs/branch-heads/5735@{#1052}) on port 18747
Only local connections are allowed.
Please see https://chromedriver.chromium.org/security-considerations for suggestions on keeping ChromeDriver safe.
ChromeDriver was started successfully.
]]></system-err>
  </testcase>
  <testcase name="Добавляем товар в БД и просматриваем ее содержимое" classname="Работа БД при добавлении товара" time="5.564">
    <error message="Не удалось создать драйвер [CHROME]" type="ru.ibsqa.chameleon.selenium.driver.exceptions.NoSupportedDriverException"><![CDATA[ru.ibsqa.chameleon.selenium.driver.exceptions.NoSupportedDriverException: Не удалось создать драйвер [CHROME]
	at ru.ibsqa.chameleon.selenium.driver.WebDriverFactory.newInstance(WebDriverFactory.java:92)
	at ru.ibsqa.chameleon.selenium.driver.WebDriverFactory.newInstance(WebDriverFactory.java:52)
	at ru.ibsqa.chameleon.selenium.driver.AbstractDriverFactory.newInstance(AbstractDriverFactory.java:28)
	at ru.ibsqa.chameleon.selenium.driver.universal.UniversalDriverFactoryImpl.lambda$newInstance$2(UniversalDriverFactoryImpl.java:66)
	at java.base/java.util.stream.ReferencePipeline$3$1.accept(ReferencePipeline.java:197)
	at java.base/java.util.stream.SortedOps$RefSortingSink.end(SortedOps.java:400)
	at java.base/java.util.stream.Sink$ChainedReference.end(Sink.java:258)
	at java.base/java.util.stream.AbstractPipeline.copyIntoWithCancel(AbstractPipeline.java:528)
	at java.base/java.util.stream.AbstractPipeline.copyInto(AbstractPipeline.java:513)
	at java.base/java.util.stream.AbstractPipeline.wrapAndCopyInto(AbstractPipeline.java:499)
	at java.base/java.util.stream.FindOps$FindOp.evaluateSequential(FindOps.java:150)
	at java.base/java.util.stream.AbstractPipeline.evaluate(AbstractPipeline.java:234)
	at java.base/java.util.stream.ReferencePipeline.findFirst(ReferencePipeline.java:647)
	at ru.ibsqa.chameleon.selenium.driver.universal.UniversalDriverFactoryImpl.newInstance(UniversalDriverFactoryImpl.java:73)
	at ru.ibsqa.chameleon.selenium.driver.WebDriverFacade.newProxyDriver(WebDriverFacade.java:129)
	at ru.ibsqa.chameleon.selenium.driver.WebDriverFacade.getWrappedDriver(WebDriverFacade.java:89)
	at ru.ibsqa.chameleon.selenium.driver.WebDriverFacade.getScreenshotAs(WebDriverFacade.java:254)
	at ru.ibsqa.chameleon.steps.DefaultScreenshotSteps.takeWebDriverSimpleScreenshot(DefaultScreenshotSteps.java:73)
	at ru.ibsqa.chameleon.steps.DefaultScreenshotSteps.lambda$takeScreenshotToReport$1(DefaultScreenshotSteps.java:58)
	at ru.ibsqa.chameleon.steps.DefaultScreenshotSteps.addScreenshot(DefaultScreenshotSteps.java:139)
	at ru.ibsqa.chameleon.steps.DefaultScreenshotSteps.takeScreenshotToReport(DefaultScreenshotSteps.java:58)
	at ru.ibsqa.chameleon.steps.ScreenshotManagerImpl.takeScreenshotToReport(ScreenshotManagerImpl.java:43)
	at ru.ibsqa.chameleon.reporter.StepListenerScreenshotImpl.stepAfterThrowing(StepListenerScreenshotImpl.java:63)
	at ru.ibsqa.chameleon.steps.aspect.StepListenerManagerImpl.lambda$stepAfterThrowing$4(StepListenerManagerImpl.java:105)
	at java.base/java.util.ArrayList.forEach(ArrayList.java:1511)
	at ru.ibsqa.chameleon.steps.aspect.StepListenerManagerImpl.stepAfterThrowing(StepListenerManagerImpl.java:105)
	at ru.ibsqa.chameleon.steps.aspect.CucumberAspectSteps.stepNonUIBddAfterThrowing(CucumberAspectSteps.java:129)
	at ru.ibsqa.chameleon.steps.DbStorySteps.query(DbStorySteps.java:153)
	at ✽.к БД выполняется запрос "Добавление продукта" c параметрами:(file:///Users/dmitrijnajdenov/Desktop/untitled3/src/test/resources/features/%D0%A0%D0%B0%D0%B1%D0%BE%D1%82%D0%B0%20%D0%91%D0%94%20%D0%BF%D1%80%D0%B8%20%D0%B4%D0%BE%D0%B1%D0%B0%D0%B2%D0%BB%D0%B5%D0%BD%D0%B8%D0%B8%20%D1%82%D0%BE%D0%B2%D0%B0%D1%80%D0%B0.feature:13)
]]></error>
    <system-out><![CDATA[
Сценарий: Добавляем товар в БД и просматриваем ее содержимое     &amp#27;[90m# src/test/resources/features/Работа БД при добавлении товара.feature:7&amp#27;[0m
  &amp#27;[32m* &amp#27;[0m&amp#27;[32mк БД выполнено подключение "&amp#27;[0m&amp#27;[32m&amp#27;[1mH2&amp#27;[0m&amp#27;[32m" с параметрами:&amp#27;[0m               &amp#27;[90m# ru.ibsqa.chameleon.steps.DbStorySteps.connect(java.lang.String,java.util.List<ru.ibsqa.chameleon.converters.FieldValueTable>)&amp#27;[0m
    | field        | value |
    | Пользователь | user  |
    | Пароль       | pass  |
  &amp#27;[32m* &amp#27;[0m&amp#27;[32mк БД выполняется запрос "&amp#27;[0m&amp#27;[32m&amp#27;[1mПросмотр содержимого таблицы&amp#27;[0m&amp#27;[32m"&amp#27;[0m       &amp#27;[90m# ru.ibsqa.chameleon.steps.DbStorySteps.query(java.lang.String)&amp#27;[0m
  &amp#27;[31m* &amp#27;[0m&amp#27;[31mк БД выполняется запрос "&amp#27;[0m&amp#27;[31m&amp#27;[1mДобавление продукта&amp#27;[0m&amp#27;[31m" c параметрами:&amp#27;[0m &amp#27;[90m# ru.ibsqa.chameleon.steps.DbStorySteps.query(java.lang.String,java.util.List<ru.ibsqa.chameleon.converters.FieldValueTable>)&amp#27;[0m
    | field         | value     |
    | Идентификатор | 33        |
    | Имя           | Батат     |
    | Тип           | VEGETABLE |
    | Экзотический  | 1         |
      &amp#27;[31mru.ibsqa.chameleon.selenium.driver.exceptions.NoSupportedDriverException: Не удалось создать драйвер [CHROME]
	at ru.ibsqa.chameleon.selenium.driver.WebDriverFactory.newInstance(WebDriverFactory.java:92)
	at ru.ibsqa.chameleon.selenium.driver.WebDriverFactory.newInstance(WebDriverFactory.java:52)
	at ru.ibsqa.chameleon.selenium.driver.AbstractDriverFactory.newInstance(AbstractDriverFactory.java:28)
	at ru.ibsqa.chameleon.selenium.driver.universal.UniversalDriverFactoryImpl.lambda$newInstance$2(UniversalDriverFactoryImpl.java:66)
	at java.base/java.util.stream.ReferencePipeline$3$1.accept(ReferencePipeline.java:197)
	at java.base/java.util.stream.SortedOps$RefSortingSink.end(SortedOps.java:400)
	at java.base/java.util.stream.Sink$ChainedReference.end(Sink.java:258)
	at java.base/java.util.stream.AbstractPipeline.copyIntoWithCancel(AbstractPipeline.java:528)
	at java.base/java.util.stream.AbstractPipeline.copyInto(AbstractPipeline.java:513)
	at java.base/java.util.stream.AbstractPipeline.wrapAndCopyInto(AbstractPipeline.java:499)
	at java.base/java.util.stream.FindOps$FindOp.evaluateSequential(FindOps.java:150)
	at java.base/java.util.stream.AbstractPipeline.evaluate(AbstractPipeline.java:234)
	at java.base/java.util.stream.ReferencePipeline.findFirst(ReferencePipeline.java:647)
	at ru.ibsqa.chameleon.selenium.driver.universal.UniversalDriverFactoryImpl.newInstance(UniversalDriverFactoryImpl.java:73)
	at ru.ibsqa.chameleon.selenium.driver.WebDriverFacade.newProxyDriver(WebDriverFacade.java:129)
	at ru.ibsqa.chameleon.selenium.driver.WebDriverFacade.getWrappedDriver(WebDriverFacade.java:89)
	at ru.ibsqa.chameleon.selenium.driver.WebDriverFacade.getScreenshotAs(WebDriverFacade.java:254)
	at ru.ibsqa.chameleon.steps.DefaultScreenshotSteps.takeWebDriverSimpleScreenshot(DefaultScreenshotSteps.java:73)
	at ru.ibsqa.chameleon.steps.DefaultScreenshotSteps.lambda$takeScreenshotToReport$1(DefaultScreenshotSteps.java:58)
	at ru.ibsqa.chameleon.steps.DefaultScreenshotSteps.addScreenshot(DefaultScreenshotSteps.java:139)
	at ru.ibsqa.chameleon.steps.DefaultScreenshotSteps.takeScreenshotToReport(DefaultScreenshotSteps.java:58)
	at ru.ibsqa.chameleon.steps.ScreenshotManagerImpl.takeScreenshotToReport(ScreenshotManagerImpl.java:43)
	at ru.ibsqa.chameleon.reporter.StepListenerScreenshotImpl.stepAfterThrowing(StepListenerScreenshotImpl.java:63)
	at ru.ibsqa.chameleon.steps.aspect.StepListenerManagerImpl.lambda$stepAfterThrowing$4(StepListenerManagerImpl.java:105)
	at java.base/java.util.ArrayList.forEach(ArrayList.java:1511)
	at ru.ibsqa.chameleon.steps.aspect.StepListenerManagerImpl.stepAfterThrowing(StepListenerManagerImpl.java:105)
	at ru.ibsqa.chameleon.steps.aspect.CucumberAspectSteps.stepNonUIBddAfterThrowing(CucumberAspectSteps.java:129)
	at ru.ibsqa.chameleon.steps.DbStorySteps.query(DbStorySteps.java:153)
	at ✽.к БД выполняется запрос "Добавление продукта" c параметрами:(file:///Users/dmitrijnajdenov/Desktop/untitled3/src/test/resources/features/%D0%A0%D0%B0%D0%B1%D0%BE%D1%82%D0%B0%20%D0%91%D0%94%20%D0%BF%D1%80%D0%B8%20%D0%B4%D0%BE%D0%B1%D0%B0%D0%B2%D0%BB%D0%B5%D0%BD%D0%B8%D0%B8%20%D1%82%D0%BE%D0%B2%D0%B0%D1%80%D0%B0.feature:13)
&amp#27;[0m
]]></system-out>
    <system-err><![CDATA[Starting ChromeDriver 114.0.5735.90 (386bc09e8f4f2e025eddae123f36f6263096ae49-refs/branch-heads/5735@{#1052}) on port 26560
Only local connections are allowed.
Please see https://chromedriver.chromium.org/security-considerations for suggestions on keeping ChromeDriver safe.
ChromeDriver was started successfully.
Starting ChromeDriver 114.0.5735.90 (386bc09e8f4f2e025eddae123f36f6263096ae49-refs/branch-heads/5735@{#1052}) on port 12896
Only local connections are allowed.
Please see https://chromedriver.chromium.org/security-considerations for suggestions on keeping ChromeDriver safe.
ChromeDriver was started successfully.
]]></system-err>
  </testcase>
</testsuite>